{
  "0 debug pnpm:scope": {
    "selected": 5,
    "total": 5,
    "workspacePrefix": "D:\\练习\\练习代码库\\picasso-plus"
  },
  "1 debug pnpm:package-manifest": {
    "initial": {
      "name": "@picasso-plus/components",
      "version": "1.0.0",
      "description": "",
      "main": "index.js",
      "scripts": {
        "test": "echo \"Error: no test specified\" && exit 1"
      },
      "author": "",
      "license": "ISC"
    },
    "prefix": "D:\\练习\\练习代码库\\picasso-plus\\packages\\components"
  },
  "2 debug pnpm:package-manifest": {
    "initial": {
      "name": "@picasso-plus/theme-chalk",
      "version": "1.0.0",
      "description": "",
      "main": "index.js",
      "scripts": {
        "test": "echo \"Error: no test specified\" && exit 1"
      },
      "author": "",
      "license": "ISC"
    },
    "prefix": "D:\\练习\\练习代码库\\picasso-plus\\packages\\theme-chalk"
  },
  "3 debug pnpm:package-manifest": {
    "initial": {
      "name": "@picasso-plus/utils",
      "version": "1.0.0",
      "description": "",
      "main": "index.js",
      "scripts": {
        "test": "echo \"Error: no test specified\" && exit 1"
      },
      "keywords": [],
      "author": "",
      "license": "ISC"
    },
    "prefix": "D:\\练习\\练习代码库\\picasso-plus\\packages\\utils"
  },
  "4 debug pnpm:package-manifest": {
    "initial": {
      "name": "@picasso-plus/play",
      "version": "1.0.0",
      "description": "测试组件",
      "main": "index.js",
      "scripts": {
        "dev": "vite"
      },
      "author": "",
      "license": "ISC",
      "dependencies": {
        "@vitejs/plugin-vue": "^2.3.3",
        "vite": "^2.9.9"
      }
    },
    "prefix": "D:\\练习\\练习代码库\\picasso-plus\\play"
  },
  "5 debug pnpm:package-manifest": {
    "initial": {
      "name": "picasso-plus",
      "version": "1.0.0",
      "description": "",
      "main": "index.js",
      "scripts": {
        "dev": "pnpm -C play dev"
      },
      "keywords": [],
      "author": "",
      "license": "ISC",
      "devDependencies": {
        "typescript": "^4.6.4",
        "vue": "^3.2.33"
      },
      "dependencies": {
        "@picasso-plus/components": "workspace:^1.0.0",
        "@picasso-plus/theme-chalk": "workspace:^1.0.0",
        "@picasso-plus/utils": "workspace:^1.0.0"
      }
    },
    "prefix": "D:\\练习\\练习代码库\\picasso-plus"
  },
  "6 warn pnpm:lockfile": {
    "message": "Your pnpm-lock.yaml was generated by a newer version of pnpm. It is a compatible version but it might get downgraded to version 5.3",
    "prefix": "D:\\练习\\练习代码库\\picasso-plus"
  },
  "7 debug pnpm:context": {
    "currentLockfileExists": false,
    "storeDir": "D:\\.pnpm-store\\v3",
    "virtualStoreDir": "D:\\练习\\练习代码库\\picasso-plus\\node_modules\\.pnpm"
  },
  "8 debug pnpm:stage": {
    "prefix": "D:\\练习\\练习代码库\\picasso-plus",
    "stage": "resolution_started"
  },
  "9 warn pnpm": {
    "message": "Moving @vitejs/plugin-vue that was installed by a different package manager to \"node_modules/.ignored",
    "prefix": "D:\\练习\\练习代码库\\picasso-plus\\play"
  },
  "10 warn pnpm": {
    "message": "Moving vite that was installed by a different package manager to \"node_modules/.ignored",
    "prefix": "D:\\练习\\练习代码库\\picasso-plus\\play"
  },
  "11 debug pnpm:_dependency_resolved": {
    "resolution": "registry.npmmirror.com/@vitejs/plugin-vue/2.3.3",
    "wanted": {
      "dependentId": "play",
      "name": "@vitejs/plugin-vue",
      "rawSpec": "^2.3.3"
    }
  },
  "12 debug pnpm:_dependency_resolved": {
    "resolution": "registry.npmmirror.com/vite/2.9.9",
    "wanted": {
      "dependentId": "play",
      "name": "vite",
      "rawSpec": "^2.9.9"
    }
  },
  "13 debug pnpm:_dependency_resolved": {
    "resolution": "registry.npmmirror.com/typescript/4.6.4",
    "wanted": {
      "dependentId": ".",
      "name": "typescript",
      "rawSpec": "^4.6.4"
    }
  },
  "14 debug pnpm:_dependency_resolved": {
    "resolution": "registry.npmmirror.com/vue/3.2.33",
    "wanted": {
      "dependentId": ".",
      "name": "vue",
      "rawSpec": "^3.2.33"
    }
  },
  "15 debug pnpm:_dependency_resolved": {
    "resolution": "link:packages/components",
    "wanted": {
      "dependentId": ".",
      "name": "@picasso-plus/components",
      "rawSpec": "workspace:^1.0.0"
    }
  },
  "16 debug pnpm:_dependency_resolved": {
    "resolution": "link:packages/theme-chalk",
    "wanted": {
      "dependentId": ".",
      "name": "@picasso-plus/theme-chalk",
      "rawSpec": "workspace:^1.0.0"
    }
  },
  "17 debug pnpm:_dependency_resolved": {
    "resolution": "link:packages/utils",
    "wanted": {
      "dependentId": ".",
      "name": "@picasso-plus/utils",
      "rawSpec": "workspace:^1.0.0"
    }
  },
  "18 debug pnpm:progress": {
    "packageId": "registry.npmmirror.com/@vitejs/plugin-vue/2.3.3",
    "requester": "D:\\练习\\练习代码库\\picasso-plus",
    "status": "resolved"
  },
  "19 debug pnpm:progress": {
    "packageId": "registry.npmmirror.com/@vitejs/plugin-vue/2.3.3",
    "requester": "D:\\练习\\练习代码库\\picasso-plus",
    "status": "found_in_store"
  },
  "20 debug pnpm:progress": {
    "packageId": "registry.npmmirror.com/vite/2.9.9",
    "requester": "D:\\练习\\练习代码库\\picasso-plus",
    "status": "resolved"
  },
  "21 debug pnpm:progress": {
    "packageId": "registry.npmmirror.com/vite/2.9.9",
    "requester": "D:\\练习\\练习代码库\\picasso-plus",
    "status": "found_in_store"
  },
  "22 debug pnpm:_dependency_resolved": {
    "resolution": "registry.npmmirror.com/esbuild/0.14.39",
    "wanted": {
      "dependentId": "registry.npmmirror.com/vite/2.9.9",
      "name": "esbuild",
      "rawSpec": "^0.14.27"
    }
  },
  "23 debug pnpm:_dependency_resolved": {
    "resolution": "registry.npmmirror.com/postcss/8.4.13",
    "wanted": {
      "dependentId": "registry.npmmirror.com/vite/2.9.9",
      "name": "postcss",
      "rawSpec": "^8.4.13"
    }
  },
  "24 debug pnpm:_dependency_resolved": {
    "resolution": "registry.npmmirror.com/resolve/1.22.0",
    "wanted": {
      "dependentId": "registry.npmmirror.com/vite/2.9.9",
      "name": "resolve",
      "rawSpec": "^1.22.0"
    }
  },
  "25 debug pnpm:_dependency_resolved": {
    "resolution": "registry.npmmirror.com/rollup/2.72.1",
    "wanted": {
      "dependentId": "registry.npmmirror.com/vite/2.9.9",
      "name": "rollup",
      "rawSpec": "^2.59.0"
    }
  },
  "26 debug pnpm:progress": {
    "packageId": "registry.npmmirror.com/vue/3.2.33",
    "requester": "D:\\练习\\练习代码库\\picasso-plus",
    "status": "resolved"
  },
  "27 debug pnpm:progress": {
    "packageId": "registry.npmmirror.com/vue/3.2.33",
    "requester": "D:\\练习\\练习代码库\\picasso-plus",
    "status": "found_in_store"
  },
  "28 debug pnpm:progress": {
    "packageId": "registry.npmmirror.com/typescript/4.6.4",
    "requester": "D:\\练习\\练习代码库\\picasso-plus",
    "status": "resolved"
  },
  "29 debug pnpm:progress": {
    "packageId": "registry.npmmirror.com/typescript/4.6.4",
    "requester": "D:\\练习\\练习代码库\\picasso-plus",
    "status": "found_in_store"
  },
  "30 debug pnpm:_dependency_resolved": {
    "resolution": "registry.npmmirror.com/@vue/shared/3.2.33",
    "wanted": {
      "dependentId": "registry.npmmirror.com/vue/3.2.33",
      "name": "@vue/shared",
      "rawSpec": "3.2.33"
    }
  },
  "31 debug pnpm:_dependency_resolved": {
    "resolution": "registry.npmmirror.com/@vue/compiler-dom/3.2.33",
    "wanted": {
      "dependentId": "registry.npmmirror.com/vue/3.2.33",
      "name": "@vue/compiler-dom",
      "rawSpec": "3.2.33"
    }
  },
  "32 debug pnpm:_dependency_resolved": {
    "resolution": "registry.npmmirror.com/@vue/runtime-dom/3.2.33",
    "wanted": {
      "dependentId": "registry.npmmirror.com/vue/3.2.33",
      "name": "@vue/runtime-dom",
      "rawSpec": "3.2.33"
    }
  },
  "33 debug pnpm:_dependency_resolved": {
    "resolution": "registry.npmmirror.com/@vue/compiler-sfc/3.2.33",
    "wanted": {
      "dependentId": "registry.npmmirror.com/vue/3.2.33",
      "name": "@vue/compiler-sfc",
      "rawSpec": "3.2.33"
    }
  },
  "34 debug pnpm:_dependency_resolved": {
    "resolution": "registry.npmmirror.com/@vue/server-renderer/3.2.33",
    "wanted": {
      "dependentId": "registry.npmmirror.com/vue/3.2.33",
      "name": "@vue/server-renderer",
      "rawSpec": "3.2.33"
    }
  },
  "35 debug pnpm:progress": {
    "packageId": "registry.npmmirror.com/esbuild/0.14.39",
    "requester": "D:\\练习\\练习代码库\\picasso-plus",
    "status": "resolved"
  },
  "36 debug pnpm:progress": {
    "packageId": "registry.npmmirror.com/esbuild/0.14.39",
    "requester": "D:\\练习\\练习代码库\\picasso-plus",
    "status": "found_in_store"
  },
  "37 debug pnpm:progress": {
    "packageId": "registry.npmmirror.com/postcss/8.4.13",
    "requester": "D:\\练习\\练习代码库\\picasso-plus",
    "status": "resolved"
  },
  "38 debug pnpm:progress": {
    "packageId": "registry.npmmirror.com/postcss/8.4.13",
    "requester": "D:\\练习\\练习代码库\\picasso-plus",
    "status": "found_in_store"
  },
  "39 debug pnpm:progress": {
    "packageId": "registry.npmmirror.com/rollup/2.72.1",
    "requester": "D:\\练习\\练习代码库\\picasso-plus",
    "status": "resolved"
  },
  "40 debug pnpm:progress": {
    "packageId": "registry.npmmirror.com/rollup/2.72.1",
    "requester": "D:\\练习\\练习代码库\\picasso-plus",
    "status": "found_in_store"
  },
  "41 debug pnpm:progress": {
    "packageId": "registry.npmmirror.com/resolve/1.22.0",
    "requester": "D:\\练习\\练习代码库\\picasso-plus",
    "status": "resolved"
  },
  "42 debug pnpm:progress": {
    "packageId": "registry.npmmirror.com/resolve/1.22.0",
    "requester": "D:\\练习\\练习代码库\\picasso-plus",
    "status": "found_in_store"
  },
  "43 debug pnpm:progress": {
    "packageId": "registry.npmmirror.com/@vue/server-renderer/3.2.33",
    "requester": "D:\\练习\\练习代码库\\picasso-plus",
    "status": "resolved"
  },
  "44 debug pnpm:progress": {
    "packageId": "registry.npmmirror.com/@vue/server-renderer/3.2.33",
    "requester": "D:\\练习\\练习代码库\\picasso-plus",
    "status": "found_in_store"
  },
  "45 debug pnpm:progress": {
    "packageId": "registry.npmmirror.com/@vue/compiler-dom/3.2.33",
    "requester": "D:\\练习\\练习代码库\\picasso-plus",
    "status": "resolved"
  },
  "46 debug pnpm:progress": {
    "packageId": "registry.npmmirror.com/@vue/compiler-dom/3.2.33",
    "requester": "D:\\练习\\练习代码库\\picasso-plus",
    "status": "found_in_store"
  },
  "47 debug pnpm:progress": {
    "packageId": "registry.npmmirror.com/@vue/shared/3.2.33",
    "requester": "D:\\练习\\练习代码库\\picasso-plus",
    "status": "resolved"
  },
  "48 debug pnpm:progress": {
    "packageId": "registry.npmmirror.com/@vue/shared/3.2.33",
    "requester": "D:\\练习\\练习代码库\\picasso-plus",
    "status": "found_in_store"
  },
  "49 debug pnpm:progress": {
    "packageId": "registry.npmmirror.com/@vue/runtime-dom/3.2.33",
    "requester": "D:\\练习\\练习代码库\\picasso-plus",
    "status": "resolved"
  },
  "50 debug pnpm:progress": {
    "packageId": "registry.npmmirror.com/@vue/runtime-dom/3.2.33",
    "requester": "D:\\练习\\练习代码库\\picasso-plus",
    "status": "found_in_store"
  },
  "51 debug pnpm:progress": {
    "packageId": "registry.npmmirror.com/@vue/compiler-sfc/3.2.33",
    "requester": "D:\\练习\\练习代码库\\picasso-plus",
    "status": "resolved"
  },
  "52 debug pnpm:progress": {
    "packageId": "registry.npmmirror.com/@vue/compiler-sfc/3.2.33",
    "requester": "D:\\练习\\练习代码库\\picasso-plus",
    "status": "found_in_store"
  },
  "53 debug pnpm:_dependency_resolved": {
    "resolution": "registry.npmmirror.com/@vue/shared/3.2.33",
    "wanted": {
      "dependentId": "registry.npmmirror.com/@vue/server-renderer/3.2.33",
      "name": "@vue/shared",
      "rawSpec": "3.2.33"
    }
  },
  "54 debug pnpm:_dependency_resolved": {
    "resolution": "registry.npmmirror.com/@vue/compiler-ssr/3.2.33",
    "wanted": {
      "dependentId": "registry.npmmirror.com/@vue/server-renderer/3.2.33",
      "name": "@vue/compiler-ssr",
      "rawSpec": "3.2.33"
    }
  },
  "55 debug pnpm:_dependency_resolved": {
    "resolution": "registry.npmmirror.com/@vue/shared/3.2.33",
    "wanted": {
      "dependentId": "registry.npmmirror.com/@vue/compiler-dom/3.2.33",
      "name": "@vue/shared",
      "rawSpec": "3.2.33"
    }
  },
  "56 debug pnpm:_dependency_resolved": {
    "resolution": "registry.npmmirror.com/@vue/compiler-core/3.2.33",
    "wanted": {
      "dependentId": "registry.npmmirror.com/@vue/compiler-dom/3.2.33",
      "name": "@vue/compiler-core",
      "rawSpec": "3.2.33"
    }
  },
  "57 debug pnpm:_dependency_resolved": {
    "resolution": "registry.npmmirror.com/@vue/shared/3.2.33",
    "wanted": {
      "dependentId": "registry.npmmirror.com/@vue/runtime-dom/3.2.33",
      "name": "@vue/shared",
      "rawSpec": "3.2.33"
    }
  },
  "58 debug pnpm:_dependency_resolved": {
    "resolution": "registry.npmmirror.com/@vue/runtime-core/3.2.33",
    "wanted": {
      "dependentId": "registry.npmmirror.com/@vue/runtime-dom/3.2.33",
      "name": "@vue/runtime-core",
      "rawSpec": "3.2.33"
    }
  },
  "59 debug pnpm:_dependency_resolved": {
    "resolution": "registry.npmmirror.com/csstype/2.6.20",
    "wanted": {
      "dependentId": "registry.npmmirror.com/@vue/runtime-dom/3.2.33",
      "name": "csstype",
      "rawSpec": "^2.6.8"
    }
  },
  "60 debug pnpm:_dependency_resolved": {
    "resolution": "registry.npmmirror.com/@babel/parser/7.17.10",
    "wanted": {
      "dependentId": "registry.npmmirror.com/@vue/compiler-sfc/3.2.33",
      "name": "@babel/parser",
      "rawSpec": "^7.16.4"
    }
  },
  "61 debug pnpm:_dependency_resolved": {
    "resolution": "registry.npmmirror.com/@vue/compiler-core/3.2.33",
    "wanted": {
      "dependentId": "registry.npmmirror.com/@vue/compiler-sfc/3.2.33",
      "name": "@vue/compiler-core",
      "rawSpec": "3.2.33"
    }
  },
  "62 debug pnpm:_dependency_resolved": {
    "resolution": "registry.npmmirror.com/@vue/compiler-dom/3.2.33",
    "wanted": {
      "dependentId": "registry.npmmirror.com/@vue/compiler-sfc/3.2.33",
      "name": "@vue/compiler-dom",
      "rawSpec": "3.2.33"
    }
  },
  "63 debug pnpm:_dependency_resolved": {
    "resolution": "registry.npmmirror.com/@vue/compiler-ssr/3.2.33",
    "wanted": {
      "dependentId": "registry.npmmirror.com/@vue/compiler-sfc/3.2.33",
      "name": "@vue/compiler-ssr",
      "rawSpec": "3.2.33"
    }
  },
  "64 debug pnpm:_dependency_resolved": {
    "resolution": "registry.npmmirror.com/@vue/reactivity-transform/3.2.33",
    "wanted": {
      "dependentId": "registry.npmmirror.com/@vue/compiler-sfc/3.2.33",
      "name": "@vue/reactivity-transform",
      "rawSpec": "3.2.33"
    }
  },
  "65 debug pnpm:_dependency_resolved": {
    "resolution": "registry.npmmirror.com/@vue/shared/3.2.33",
    "wanted": {
      "dependentId": "registry.npmmirror.com/@vue/compiler-sfc/3.2.33",
      "name": "@vue/shared",
      "rawSpec": "3.2.33"
    }
  },
  "66 debug pnpm:_dependency_resolved": {
    "resolution": "registry.npmmirror.com/estree-walker/2.0.2",
    "wanted": {
      "dependentId": "registry.npmmirror.com/@vue/compiler-sfc/3.2.33",
      "name": "estree-walker",
      "rawSpec": "^2.0.2"
    }
  },
  "67 debug pnpm:_dependency_resolved": {
    "resolution": "registry.npmmirror.com/magic-string/0.25.9",
    "wanted": {
      "dependentId": "registry.npmmirror.com/@vue/compiler-sfc/3.2.33",
      "name": "magic-string",
      "rawSpec": "^0.25.7"
    }
  },
  "68 debug pnpm:_dependency_resolved": {
    "resolution": "registry.npmmirror.com/source-map/0.6.1",
    "wanted": {
      "dependentId": "registry.npmmirror.com/@vue/compiler-sfc/3.2.33",
      "name": "source-map",
      "rawSpec": "^0.6.1"
    }
  },
  "69 debug pnpm:_dependency_resolved": {
    "resolution": "registry.npmmirror.com/postcss/8.4.13",
    "wanted": {
      "dependentId": "registry.npmmirror.com/@vue/compiler-sfc/3.2.33",
      "name": "postcss",
      "rawSpec": "^8.1.10"
    }
  },
  "70 debug pnpm:progress": {
    "packageId": "registry.npmmirror.com/@vue/compiler-core/3.2.33",
    "requester": "D:\\练习\\练习代码库\\picasso-plus",
    "status": "resolved"
  },
  "71 debug pnpm:progress": {
    "packageId": "registry.npmmirror.com/@vue/compiler-core/3.2.33",
    "requester": "D:\\练习\\练习代码库\\picasso-plus",
    "status": "found_in_store"
  },
  "72 debug pnpm:_dependency_resolved": {
    "resolution": "registry.npmmirror.com/@vue/shared/3.2.33",
    "wanted": {
      "dependentId": "registry.npmmirror.com/@vue/compiler-core/3.2.33",
      "name": "@vue/shared",
      "rawSpec": "3.2.33"
    }
  },
  "73 debug pnpm:_dependency_resolved": {
    "resolution": "registry.npmmirror.com/@babel/parser/7.17.10",
    "wanted": {
      "dependentId": "registry.npmmirror.com/@vue/compiler-core/3.2.33",
      "name": "@babel/parser",
      "rawSpec": "^7.16.4"
    }
  },
  "74 debug pnpm:_dependency_resolved": {
    "resolution": "registry.npmmirror.com/estree-walker/2.0.2",
    "wanted": {
      "dependentId": "registry.npmmirror.com/@vue/compiler-core/3.2.33",
      "name": "estree-walker",
      "rawSpec": "^2.0.2"
    }
  },
  "75 debug pnpm:_dependency_resolved": {
    "resolution": "registry.npmmirror.com/source-map/0.6.1",
    "wanted": {
      "dependentId": "registry.npmmirror.com/@vue/compiler-core/3.2.33",
      "name": "source-map",
      "rawSpec": "^0.6.1"
    }
  },
  "76 debug pnpm:progress": {
    "packageId": "registry.npmmirror.com/@vue/compiler-ssr/3.2.33",
    "requester": "D:\\练习\\练习代码库\\picasso-plus",
    "status": "resolved"
  },
  "77 debug pnpm:progress": {
    "packageId": "registry.npmmirror.com/@vue/compiler-ssr/3.2.33",
    "requester": "D:\\练习\\练习代码库\\picasso-plus",
    "status": "found_in_store"
  },
  "78 debug pnpm:_dependency_resolved": {
    "resolution": "registry.npmmirror.com/@vue/shared/3.2.33",
    "wanted": {
      "dependentId": "registry.npmmirror.com/@vue/compiler-ssr/3.2.33",
      "name": "@vue/shared",
      "rawSpec": "3.2.33"
    }
  },
  "79 debug pnpm:_dependency_resolved": {
    "resolution": "registry.npmmirror.com/@vue/compiler-dom/3.2.33",
    "wanted": {
      "dependentId": "registry.npmmirror.com/@vue/compiler-ssr/3.2.33",
      "name": "@vue/compiler-dom",
      "rawSpec": "3.2.33"
    }
  },
  "80 debug pnpm:progress": {
    "packageId": "registry.npmmirror.com/csstype/2.6.20",
    "requester": "D:\\练习\\练习代码库\\picasso-plus",
    "status": "resolved"
  },
  "81 debug pnpm:progress": {
    "packageId": "registry.npmmirror.com/csstype/2.6.20",
    "requester": "D:\\练习\\练习代码库\\picasso-plus",
    "status": "found_in_store"
  },
  "82 debug pnpm:progress": {
    "packageId": "registry.npmmirror.com/@vue/runtime-core/3.2.33",
    "requester": "D:\\练习\\练习代码库\\picasso-plus",
    "status": "resolved"
  },
  "83 debug pnpm:progress": {
    "packageId": "registry.npmmirror.com/@vue/runtime-core/3.2.33",
    "requester": "D:\\练习\\练习代码库\\picasso-plus",
    "status": "found_in_store"
  },
  "84 debug pnpm:_dependency_resolved": {
    "resolution": "registry.npmmirror.com/@vue/shared/3.2.33",
    "wanted": {
      "dependentId": "registry.npmmirror.com/@vue/runtime-core/3.2.33",
      "name": "@vue/shared",
      "rawSpec": "3.2.33"
    }
  },
  "85 debug pnpm:_dependency_resolved": {
    "resolution": "registry.npmmirror.com/@vue/reactivity/3.2.33",
    "wanted": {
      "dependentId": "registry.npmmirror.com/@vue/runtime-core/3.2.33",
      "name": "@vue/reactivity",
      "rawSpec": "3.2.33"
    }
  },
  "86 debug pnpm:progress": {
    "packageId": "registry.npmmirror.com/@vue/reactivity-transform/3.2.33",
    "requester": "D:\\练习\\练习代码库\\picasso-plus",
    "status": "resolved"
  },
  "87 debug pnpm:progress": {
    "packageId": "registry.npmmirror.com/@vue/reactivity-transform/3.2.33",
    "requester": "D:\\练习\\练习代码库\\picasso-plus",
    "status": "found_in_store"
  },
  "88 debug pnpm:progress": {
    "packageId": "registry.npmmirror.com/@babel/parser/7.17.10",
    "requester": "D:\\练习\\练习代码库\\picasso-plus",
    "status": "resolved"
  },
  "89 debug pnpm:progress": {
    "packageId": "registry.npmmirror.com/@babel/parser/7.17.10",
    "requester": "D:\\练习\\练习代码库\\picasso-plus",
    "status": "found_in_store"
  },
  "90 debug pnpm:progress": {
    "packageId": "registry.npmmirror.com/source-map/0.6.1",
    "requester": "D:\\练习\\练习代码库\\picasso-plus",
    "status": "resolved"
  },
  "91 debug pnpm:progress": {
    "packageId": "registry.npmmirror.com/source-map/0.6.1",
    "requester": "D:\\练习\\练习代码库\\picasso-plus",
    "status": "found_in_store"
  },
  "92 debug pnpm:progress": {
    "packageId": "registry.npmmirror.com/estree-walker/2.0.2",
    "requester": "D:\\练习\\练习代码库\\picasso-plus",
    "status": "resolved"
  },
  "93 debug pnpm:progress": {
    "packageId": "registry.npmmirror.com/estree-walker/2.0.2",
    "requester": "D:\\练习\\练习代码库\\picasso-plus",
    "status": "found_in_store"
  },
  "94 debug pnpm:progress": {
    "packageId": "registry.npmmirror.com/magic-string/0.25.9",
    "requester": "D:\\练习\\练习代码库\\picasso-plus",
    "status": "resolved"
  },
  "95 debug pnpm:progress": {
    "packageId": "registry.npmmirror.com/magic-string/0.25.9",
    "requester": "D:\\练习\\练习代码库\\picasso-plus",
    "status": "found_in_store"
  },
  "96 debug pnpm:_dependency_resolved": {
    "resolution": "registry.npmmirror.com/@babel/parser/7.17.10",
    "wanted": {
      "dependentId": "registry.npmmirror.com/@vue/reactivity-transform/3.2.33",
      "name": "@babel/parser",
      "rawSpec": "^7.16.4"
    }
  },
  "97 debug pnpm:_dependency_resolved": {
    "resolution": "registry.npmmirror.com/@vue/compiler-core/3.2.33",
    "wanted": {
      "dependentId": "registry.npmmirror.com/@vue/reactivity-transform/3.2.33",
      "name": "@vue/compiler-core",
      "rawSpec": "3.2.33"
    }
  },
  "98 debug pnpm:_dependency_resolved": {
    "resolution": "registry.npmmirror.com/@vue/shared/3.2.33",
    "wanted": {
      "dependentId": "registry.npmmirror.com/@vue/reactivity-transform/3.2.33",
      "name": "@vue/shared",
      "rawSpec": "3.2.33"
    }
  },
  "99 debug pnpm:_dependency_resolved": {
    "resolution": "registry.npmmirror.com/estree-walker/2.0.2",
    "wanted": {
      "dependentId": "registry.npmmirror.com/@vue/reactivity-transform/3.2.33",
      "name": "estree-walker",
      "rawSpec": "^2.0.2"
    }
  },
  "100 debug pnpm:_dependency_resolved": {
    "resolution": "registry.npmmirror.com/magic-string/0.25.9",
    "wanted": {
      "dependentId": "registry.npmmirror.com/@vue/reactivity-transform/3.2.33",
      "name": "magic-string",
      "rawSpec": "^0.25.7"
    }
  },
  "101 debug pnpm:_dependency_resolved": {
    "resolution": "registry-cnpm.weimiaocaishang.com/@babel/types/7.17.10",
    "wanted": {
      "dependentId": "registry.npmmirror.com/@babel/parser/7.17.10",
      "name": "@babel/types",
      "rawSpec": "7.17.10"
    }
  },
  "102 debug pnpm:_dependency_resolved": {
    "resolution": "registry.npmmirror.com/sourcemap-codec/1.4.8",
    "wanted": {
      "dependentId": "registry.npmmirror.com/magic-string/0.25.9",
      "name": "sourcemap-codec",
      "rawSpec": "^1.4.8"
    }
  },
  "103 debug pnpm:progress": {
    "packageId": "registry.npmmirror.com/@vue/reactivity/3.2.33",
    "requester": "D:\\练习\\练习代码库\\picasso-plus",
    "status": "resolved"
  },
  "104 debug pnpm:progress": {
    "packageId": "registry.npmmirror.com/@vue/reactivity/3.2.33",
    "requester": "D:\\练习\\练习代码库\\picasso-plus",
    "status": "found_in_store"
  },
  "105 debug pnpm:_dependency_resolved": {
    "resolution": "registry.npmmirror.com/@vue/shared/3.2.33",
    "wanted": {
      "dependentId": "registry.npmmirror.com/@vue/reactivity/3.2.33",
      "name": "@vue/shared",
      "rawSpec": "3.2.33"
    }
  },
  "106 debug pnpm:progress": {
    "packageId": "registry.npmmirror.com/sourcemap-codec/1.4.8",
    "requester": "D:\\练习\\练习代码库\\picasso-plus",
    "status": "resolved"
  },
  "107 debug pnpm:progress": {
    "packageId": "registry.npmmirror.com/sourcemap-codec/1.4.8",
    "requester": "D:\\练习\\练习代码库\\picasso-plus",
    "status": "found_in_store"
  },
  "108 debug pnpm:request-retry": {
    "attempt": 1,
    "error": {
      "code": "ERR_PNPM_FETCH_404",
      "hint": "An authorization header was used: Basic bHl4[hidden]",
      "attempts": 1,
      "request": {
        "url": "http://registry-cnpm.weimiaocaishang.com/@babel/types/-/types-7.17.10.tgz",
        "authHeaderValue": "Basic bHl4ZHJlYW06eWlueGlhOTQwNDA3"
      },
      "response": {
        "size": 0
      },
      "resource": "http://registry-cnpm.weimiaocaishang.com/@babel/types/-/types-7.17.10.tgz"
    },
    "maxRetries": 2,
    "method": "GET",
    "timeout": 10000,
    "url": "http://registry-cnpm.weimiaocaishang.com/@babel/types/-/types-7.17.10.tgz"
  },
  "109 warn pnpm:install-check": {
    "message": "Unsupported platform for registry.npmmirror.com/fsevents/2.3.2: wanted {\"cpu\":[\"any\"],\"os\":[\"darwin\"]} (current: {\"os\":\"win32\",\"cpu\":\"x64\"})",
    "prefix": "D:\\练习\\练习代码库\\picasso-plus"
  },
  "110 debug pnpm:skipped-optional-dependency": {
    "details": "Error: Unsupported platform for registry.npmmirror.com/fsevents/2.3.2: wanted {\"cpu\":[\"any\"],\"os\":[\"darwin\"]} (current: {\"os\":\"win32\",\"cpu\":\"x64\"})",
    "package": {
      "id": "registry.npmmirror.com/fsevents/2.3.2",
      "name": "fsevents",
      "version": "2.3.2"
    },
    "prefix": "D:\\练习\\练习代码库\\picasso-plus",
    "reason": "unsupported_platform"
  },
  "111 debug pnpm:_dependency_resolved": {
    "resolution": "registry.npmmirror.com/fsevents/2.3.2",
    "wanted": {
      "dependentId": "registry.npmmirror.com/vite/2.9.9",
      "name": "fsevents",
      "rawSpec": "~2.3.2"
    }
  },
  "112 debug pnpm:progress": {
    "packageId": "registry.npmmirror.com/fsevents/2.3.2",
    "requester": "D:\\练习\\练习代码库\\picasso-plus",
    "status": "resolved"
  },
  "113 debug pnpm:_dependency_resolved": {
    "resolution": "registry.npmmirror.com/nanoid/3.3.4",
    "wanted": {
      "dependentId": "registry.npmmirror.com/postcss/8.4.13",
      "name": "nanoid",
      "rawSpec": "^3.3.3"
    }
  },
  "114 debug pnpm:_dependency_resolved": {
    "resolution": "registry.npmmirror.com/picocolors/1.0.0",
    "wanted": {
      "dependentId": "registry.npmmirror.com/postcss/8.4.13",
      "name": "picocolors",
      "rawSpec": "^1.0.0"
    }
  },
  "115 debug pnpm:_dependency_resolved": {
    "resolution": "registry.npmmirror.com/source-map-js/1.0.2",
    "wanted": {
      "dependentId": "registry.npmmirror.com/postcss/8.4.13",
      "name": "source-map-js",
      "rawSpec": "^1.0.2"
    }
  },
  "116 debug pnpm:_dependency_resolved": {
    "resolution": "registry.npmmirror.com/is-core-module/2.9.0",
    "wanted": {
      "dependentId": "registry.npmmirror.com/resolve/1.22.0",
      "name": "is-core-module",
      "rawSpec": "^2.8.1"
    }
  },
  "117 debug pnpm:_dependency_resolved": {
    "resolution": "registry.npmmirror.com/path-parse/1.0.7",
    "wanted": {
      "dependentId": "registry.npmmirror.com/resolve/1.22.0",
      "name": "path-parse",
      "rawSpec": "^1.0.7"
    }
  },
  "118 debug pnpm:_dependency_resolved": {
    "resolution": "registry.npmmirror.com/supports-preserve-symlinks-flag/1.0.0",
    "wanted": {
      "dependentId": "registry.npmmirror.com/resolve/1.22.0",
      "name": "supports-preserve-symlinks-flag",
      "rawSpec": "^1.0.0"
    }
  },
  "119 warn pnpm:install-check": {
    "message": "Unsupported platform for registry.npmmirror.com/esbuild-android-64/0.14.39: wanted {\"cpu\":[\"x64\"],\"os\":[\"android\"]} (current: {\"os\":\"win32\",\"cpu\":\"x64\"})",
    "prefix": "D:\\练习\\练习代码库\\picasso-plus"
  },
  "120 debug pnpm:skipped-optional-dependency": {
    "details": "Error: Unsupported platform for registry.npmmirror.com/esbuild-android-64/0.14.39: wanted {\"cpu\":[\"x64\"],\"os\":[\"android\"]} (current: {\"os\":\"win32\",\"cpu\":\"x64\"})",
    "package": {
      "id": "registry.npmmirror.com/esbuild-android-64/0.14.39",
      "name": "esbuild-android-64",
      "version": "0.14.39"
    },
    "prefix": "D:\\练习\\练习代码库\\picasso-plus",
    "reason": "unsupported_platform"
  },
  "121 debug pnpm:_dependency_resolved": {
    "resolution": "registry.npmmirror.com/esbuild-android-64/0.14.39",
    "wanted": {
      "dependentId": "registry.npmmirror.com/esbuild/0.14.39",
      "name": "esbuild-android-64",
      "rawSpec": "0.14.39"
    }
  },
  "122 debug pnpm:progress": {
    "packageId": "registry.npmmirror.com/esbuild-android-64/0.14.39",
    "requester": "D:\\练习\\练习代码库\\picasso-plus",
    "status": "resolved"
  },
  "123 warn pnpm:install-check": {
    "message": "Unsupported platform for registry.npmmirror.com/esbuild-android-arm64/0.14.39: wanted {\"cpu\":[\"arm64\"],\"os\":[\"android\"]} (current: {\"os\":\"win32\",\"cpu\":\"x64\"})",
    "prefix": "D:\\练习\\练习代码库\\picasso-plus"
  },
  "124 debug pnpm:skipped-optional-dependency": {
    "details": "Error: Unsupported platform for registry.npmmirror.com/esbuild-android-arm64/0.14.39: wanted {\"cpu\":[\"arm64\"],\"os\":[\"android\"]} (current: {\"os\":\"win32\",\"cpu\":\"x64\"})",
    "package": {
      "id": "registry.npmmirror.com/esbuild-android-arm64/0.14.39",
      "name": "esbuild-android-arm64",
      "version": "0.14.39"
    },
    "prefix": "D:\\练习\\练习代码库\\picasso-plus",
    "reason": "unsupported_platform"
  },
  "125 debug pnpm:_dependency_resolved": {
    "resolution": "registry.npmmirror.com/esbuild-android-arm64/0.14.39",
    "wanted": {
      "dependentId": "registry.npmmirror.com/esbuild/0.14.39",
      "name": "esbuild-android-arm64",
      "rawSpec": "0.14.39"
    }
  },
  "126 debug pnpm:progress": {
    "packageId": "registry.npmmirror.com/esbuild-android-arm64/0.14.39",
    "requester": "D:\\练习\\练习代码库\\picasso-plus",
    "status": "resolved"
  },
  "127 warn pnpm:install-check": {
    "message": "Unsupported platform for registry.npmmirror.com/esbuild-darwin-arm64/0.14.39: wanted {\"cpu\":[\"arm64\"],\"os\":[\"darwin\"]} (current: {\"os\":\"win32\",\"cpu\":\"x64\"})",
    "prefix": "D:\\练习\\练习代码库\\picasso-plus"
  },
  "128 debug pnpm:skipped-optional-dependency": {
    "details": "Error: Unsupported platform for registry.npmmirror.com/esbuild-darwin-arm64/0.14.39: wanted {\"cpu\":[\"arm64\"],\"os\":[\"darwin\"]} (current: {\"os\":\"win32\",\"cpu\":\"x64\"})",
    "package": {
      "id": "registry.npmmirror.com/esbuild-darwin-arm64/0.14.39",
      "name": "esbuild-darwin-arm64",
      "version": "0.14.39"
    },
    "prefix": "D:\\练习\\练习代码库\\picasso-plus",
    "reason": "unsupported_platform"
  },
  "129 debug pnpm:_dependency_resolved": {
    "resolution": "registry.npmmirror.com/esbuild-darwin-arm64/0.14.39",
    "wanted": {
      "dependentId": "registry.npmmirror.com/esbuild/0.14.39",
      "name": "esbuild-darwin-arm64",
      "rawSpec": "0.14.39"
    }
  },
  "130 debug pnpm:progress": {
    "packageId": "registry.npmmirror.com/esbuild-darwin-arm64/0.14.39",
    "requester": "D:\\练习\\练习代码库\\picasso-plus",
    "status": "resolved"
  },
  "131 warn pnpm:install-check": {
    "message": "Unsupported platform for registry.npmmirror.com/esbuild-freebsd-64/0.14.39: wanted {\"cpu\":[\"x64\"],\"os\":[\"freebsd\"]} (current: {\"os\":\"win32\",\"cpu\":\"x64\"})",
    "prefix": "D:\\练习\\练习代码库\\picasso-plus"
  },
  "132 debug pnpm:skipped-optional-dependency": {
    "details": "Error: Unsupported platform for registry.npmmirror.com/esbuild-freebsd-64/0.14.39: wanted {\"cpu\":[\"x64\"],\"os\":[\"freebsd\"]} (current: {\"os\":\"win32\",\"cpu\":\"x64\"})",
    "package": {
      "id": "registry.npmmirror.com/esbuild-freebsd-64/0.14.39",
      "name": "esbuild-freebsd-64",
      "version": "0.14.39"
    },
    "prefix": "D:\\练习\\练习代码库\\picasso-plus",
    "reason": "unsupported_platform"
  },
  "133 debug pnpm:_dependency_resolved": {
    "resolution": "registry.npmmirror.com/esbuild-freebsd-64/0.14.39",
    "wanted": {
      "dependentId": "registry.npmmirror.com/esbuild/0.14.39",
      "name": "esbuild-freebsd-64",
      "rawSpec": "0.14.39"
    }
  },
  "134 debug pnpm:progress": {
    "packageId": "registry.npmmirror.com/esbuild-freebsd-64/0.14.39",
    "requester": "D:\\练习\\练习代码库\\picasso-plus",
    "status": "resolved"
  },
  "135 warn pnpm:install-check": {
    "message": "Unsupported platform for registry.npmmirror.com/esbuild-darwin-64/0.14.39: wanted {\"cpu\":[\"x64\"],\"os\":[\"darwin\"]} (current: {\"os\":\"win32\",\"cpu\":\"x64\"})",
    "prefix": "D:\\练习\\练习代码库\\picasso-plus"
  },
  "136 debug pnpm:skipped-optional-dependency": {
    "details": "Error: Unsupported platform for registry.npmmirror.com/esbuild-darwin-64/0.14.39: wanted {\"cpu\":[\"x64\"],\"os\":[\"darwin\"]} (current: {\"os\":\"win32\",\"cpu\":\"x64\"})",
    "package": {
      "id": "registry.npmmirror.com/esbuild-darwin-64/0.14.39",
      "name": "esbuild-darwin-64",
      "version": "0.14.39"
    },
    "prefix": "D:\\练习\\练习代码库\\picasso-plus",
    "reason": "unsupported_platform"
  },
  "137 debug pnpm:_dependency_resolved": {
    "resolution": "registry.npmmirror.com/esbuild-darwin-64/0.14.39",
    "wanted": {
      "dependentId": "registry.npmmirror.com/esbuild/0.14.39",
      "name": "esbuild-darwin-64",
      "rawSpec": "0.14.39"
    }
  },
  "138 debug pnpm:progress": {
    "packageId": "registry.npmmirror.com/esbuild-darwin-64/0.14.39",
    "requester": "D:\\练习\\练习代码库\\picasso-plus",
    "status": "resolved"
  },
  "139 warn pnpm:install-check": {
    "message": "Unsupported platform for registry.npmmirror.com/esbuild-freebsd-arm64/0.14.39: wanted {\"cpu\":[\"arm64\"],\"os\":[\"freebsd\"]} (current: {\"os\":\"win32\",\"cpu\":\"x64\"})",
    "prefix": "D:\\练习\\练习代码库\\picasso-plus"
  },
  "140 debug pnpm:skipped-optional-dependency": {
    "details": "Error: Unsupported platform for registry.npmmirror.com/esbuild-freebsd-arm64/0.14.39: wanted {\"cpu\":[\"arm64\"],\"os\":[\"freebsd\"]} (current: {\"os\":\"win32\",\"cpu\":\"x64\"})",
    "package": {
      "id": "registry.npmmirror.com/esbuild-freebsd-arm64/0.14.39",
      "name": "esbuild-freebsd-arm64",
      "version": "0.14.39"
    },
    "prefix": "D:\\练习\\练习代码库\\picasso-plus",
    "reason": "unsupported_platform"
  },
  "141 debug pnpm:_dependency_resolved": {
    "resolution": "registry.npmmirror.com/esbuild-freebsd-arm64/0.14.39",
    "wanted": {
      "dependentId": "registry.npmmirror.com/esbuild/0.14.39",
      "name": "esbuild-freebsd-arm64",
      "rawSpec": "0.14.39"
    }
  },
  "142 debug pnpm:progress": {
    "packageId": "registry.npmmirror.com/esbuild-freebsd-arm64/0.14.39",
    "requester": "D:\\练习\\练习代码库\\picasso-plus",
    "status": "resolved"
  },
  "143 warn pnpm:install-check": {
    "message": "Unsupported platform for registry.npmmirror.com/fsevents/2.3.2: wanted {\"cpu\":[\"any\"],\"os\":[\"darwin\"]} (current: {\"os\":\"win32\",\"cpu\":\"x64\"})",
    "prefix": "D:\\练习\\练习代码库\\picasso-plus"
  },
  "144 debug pnpm:skipped-optional-dependency": {
    "details": "Error: Unsupported platform for registry.npmmirror.com/fsevents/2.3.2: wanted {\"cpu\":[\"any\"],\"os\":[\"darwin\"]} (current: {\"os\":\"win32\",\"cpu\":\"x64\"})",
    "package": {
      "id": "registry.npmmirror.com/fsevents/2.3.2",
      "name": "fsevents",
      "version": "2.3.2"
    },
    "prefix": "D:\\练习\\练习代码库\\picasso-plus",
    "reason": "unsupported_platform"
  },
  "145 debug pnpm:_dependency_resolved": {
    "resolution": "registry.npmmirror.com/fsevents/2.3.2",
    "wanted": {
      "dependentId": "registry.npmmirror.com/rollup/2.72.1",
      "name": "fsevents",
      "rawSpec": "~2.3.2"
    }
  },
  "146 warn pnpm:install-check": {
    "message": "Unsupported platform for registry.npmmirror.com/esbuild-linux-32/0.14.39: wanted {\"cpu\":[\"ia32\"],\"os\":[\"linux\"]} (current: {\"os\":\"win32\",\"cpu\":\"x64\"})",
    "prefix": "D:\\练习\\练习代码库\\picasso-plus"
  },
  "147 debug pnpm:skipped-optional-dependency": {
    "details": "Error: Unsupported platform for registry.npmmirror.com/esbuild-linux-32/0.14.39: wanted {\"cpu\":[\"ia32\"],\"os\":[\"linux\"]} (current: {\"os\":\"win32\",\"cpu\":\"x64\"})",
    "package": {
      "id": "registry.npmmirror.com/esbuild-linux-32/0.14.39",
      "name": "esbuild-linux-32",
      "version": "0.14.39"
    },
    "prefix": "D:\\练习\\练习代码库\\picasso-plus",
    "reason": "unsupported_platform"
  },
  "148 debug pnpm:_dependency_resolved": {
    "resolution": "registry.npmmirror.com/esbuild-linux-32/0.14.39",
    "wanted": {
      "dependentId": "registry.npmmirror.com/esbuild/0.14.39",
      "name": "esbuild-linux-32",
      "rawSpec": "0.14.39"
    }
  },
  "149 debug pnpm:progress": {
    "packageId": "registry.npmmirror.com/esbuild-linux-32/0.14.39",
    "requester": "D:\\练习\\练习代码库\\picasso-plus",
    "status": "resolved"
  },
  "150 warn pnpm:install-check": {
    "message": "Unsupported platform for registry.npmmirror.com/esbuild-linux-64/0.14.39: wanted {\"cpu\":[\"x64\"],\"os\":[\"linux\"]} (current: {\"os\":\"win32\",\"cpu\":\"x64\"})",
    "prefix": "D:\\练习\\练习代码库\\picasso-plus"
  },
  "151 debug pnpm:skipped-optional-dependency": {
    "details": "Error: Unsupported platform for registry.npmmirror.com/esbuild-linux-64/0.14.39: wanted {\"cpu\":[\"x64\"],\"os\":[\"linux\"]} (current: {\"os\":\"win32\",\"cpu\":\"x64\"})",
    "package": {
      "id": "registry.npmmirror.com/esbuild-linux-64/0.14.39",
      "name": "esbuild-linux-64",
      "version": "0.14.39"
    },
    "prefix": "D:\\练习\\练习代码库\\picasso-plus",
    "reason": "unsupported_platform"
  },
  "152 debug pnpm:_dependency_resolved": {
    "resolution": "registry.npmmirror.com/esbuild-linux-64/0.14.39",
    "wanted": {
      "dependentId": "registry.npmmirror.com/esbuild/0.14.39",
      "name": "esbuild-linux-64",
      "rawSpec": "0.14.39"
    }
  },
  "153 debug pnpm:progress": {
    "packageId": "registry.npmmirror.com/esbuild-linux-64/0.14.39",
    "requester": "D:\\练习\\练习代码库\\picasso-plus",
    "status": "resolved"
  },
  "154 warn pnpm:install-check": {
    "message": "Unsupported platform for registry.npmmirror.com/esbuild-linux-arm/0.14.39: wanted {\"cpu\":[\"arm\"],\"os\":[\"linux\"]} (current: {\"os\":\"win32\",\"cpu\":\"x64\"})",
    "prefix": "D:\\练习\\练习代码库\\picasso-plus"
  },
  "155 debug pnpm:skipped-optional-dependency": {
    "details": "Error: Unsupported platform for registry.npmmirror.com/esbuild-linux-arm/0.14.39: wanted {\"cpu\":[\"arm\"],\"os\":[\"linux\"]} (current: {\"os\":\"win32\",\"cpu\":\"x64\"})",
    "package": {
      "id": "registry.npmmirror.com/esbuild-linux-arm/0.14.39",
      "name": "esbuild-linux-arm",
      "version": "0.14.39"
    },
    "prefix": "D:\\练习\\练习代码库\\picasso-plus",
    "reason": "unsupported_platform"
  },
  "156 debug pnpm:_dependency_resolved": {
    "resolution": "registry.npmmirror.com/esbuild-linux-arm/0.14.39",
    "wanted": {
      "dependentId": "registry.npmmirror.com/esbuild/0.14.39",
      "name": "esbuild-linux-arm",
      "rawSpec": "0.14.39"
    }
  },
  "157 debug pnpm:progress": {
    "packageId": "registry.npmmirror.com/esbuild-linux-arm/0.14.39",
    "requester": "D:\\练习\\练习代码库\\picasso-plus",
    "status": "resolved"
  },
  "158 warn pnpm:install-check": {
    "message": "Unsupported platform for registry.npmmirror.com/esbuild-linux-arm64/0.14.39: wanted {\"cpu\":[\"arm64\"],\"os\":[\"linux\"]} (current: {\"os\":\"win32\",\"cpu\":\"x64\"})",
    "prefix": "D:\\练习\\练习代码库\\picasso-plus"
  },
  "159 debug pnpm:skipped-optional-dependency": {
    "details": "Error: Unsupported platform for registry.npmmirror.com/esbuild-linux-arm64/0.14.39: wanted {\"cpu\":[\"arm64\"],\"os\":[\"linux\"]} (current: {\"os\":\"win32\",\"cpu\":\"x64\"})",
    "package": {
      "id": "registry.npmmirror.com/esbuild-linux-arm64/0.14.39",
      "name": "esbuild-linux-arm64",
      "version": "0.14.39"
    },
    "prefix": "D:\\练习\\练习代码库\\picasso-plus",
    "reason": "unsupported_platform"
  },
  "160 debug pnpm:_dependency_resolved": {
    "resolution": "registry.npmmirror.com/esbuild-linux-arm64/0.14.39",
    "wanted": {
      "dependentId": "registry.npmmirror.com/esbuild/0.14.39",
      "name": "esbuild-linux-arm64",
      "rawSpec": "0.14.39"
    }
  },
  "161 debug pnpm:progress": {
    "packageId": "registry.npmmirror.com/esbuild-linux-arm64/0.14.39",
    "requester": "D:\\练习\\练习代码库\\picasso-plus",
    "status": "resolved"
  },
  "162 warn pnpm:install-check": {
    "message": "Unsupported platform for registry.npmmirror.com/esbuild-linux-ppc64le/0.14.39: wanted {\"cpu\":[\"ppc64\"],\"os\":[\"linux\"]} (current: {\"os\":\"win32\",\"cpu\":\"x64\"})",
    "prefix": "D:\\练习\\练习代码库\\picasso-plus"
  },
  "163 debug pnpm:skipped-optional-dependency": {
    "details": "Error: Unsupported platform for registry.npmmirror.com/esbuild-linux-ppc64le/0.14.39: wanted {\"cpu\":[\"ppc64\"],\"os\":[\"linux\"]} (current: {\"os\":\"win32\",\"cpu\":\"x64\"})",
    "package": {
      "id": "registry.npmmirror.com/esbuild-linux-ppc64le/0.14.39",
      "name": "esbuild-linux-ppc64le",
      "version": "0.14.39"
    },
    "prefix": "D:\\练习\\练习代码库\\picasso-plus",
    "reason": "unsupported_platform"
  },
  "164 debug pnpm:_dependency_resolved": {
    "resolution": "registry.npmmirror.com/esbuild-linux-ppc64le/0.14.39",
    "wanted": {
      "dependentId": "registry.npmmirror.com/esbuild/0.14.39",
      "name": "esbuild-linux-ppc64le",
      "rawSpec": "0.14.39"
    }
  },
  "165 debug pnpm:progress": {
    "packageId": "registry.npmmirror.com/esbuild-linux-ppc64le/0.14.39",
    "requester": "D:\\练习\\练习代码库\\picasso-plus",
    "status": "resolved"
  },
  "166 warn pnpm:install-check": {
    "message": "Unsupported platform for registry.npmmirror.com/esbuild-linux-riscv64/0.14.39: wanted {\"cpu\":[\"riscv64\"],\"os\":[\"linux\"]} (current: {\"os\":\"win32\",\"cpu\":\"x64\"})",
    "prefix": "D:\\练习\\练习代码库\\picasso-plus"
  },
  "167 debug pnpm:skipped-optional-dependency": {
    "details": "Error: Unsupported platform for registry.npmmirror.com/esbuild-linux-riscv64/0.14.39: wanted {\"cpu\":[\"riscv64\"],\"os\":[\"linux\"]} (current: {\"os\":\"win32\",\"cpu\":\"x64\"})",
    "package": {
      "id": "registry.npmmirror.com/esbuild-linux-riscv64/0.14.39",
      "name": "esbuild-linux-riscv64",
      "version": "0.14.39"
    },
    "prefix": "D:\\练习\\练习代码库\\picasso-plus",
    "reason": "unsupported_platform"
  },
  "168 debug pnpm:_dependency_resolved": {
    "resolution": "registry.npmmirror.com/esbuild-linux-riscv64/0.14.39",
    "wanted": {
      "dependentId": "registry.npmmirror.com/esbuild/0.14.39",
      "name": "esbuild-linux-riscv64",
      "rawSpec": "0.14.39"
    }
  },
  "169 debug pnpm:progress": {
    "packageId": "registry.npmmirror.com/esbuild-linux-riscv64/0.14.39",
    "requester": "D:\\练习\\练习代码库\\picasso-plus",
    "status": "resolved"
  },
  "170 warn pnpm:install-check": {
    "message": "Unsupported platform for registry.npmmirror.com/esbuild-linux-mips64le/0.14.39: wanted {\"cpu\":[\"mips64el\"],\"os\":[\"linux\"]} (current: {\"os\":\"win32\",\"cpu\":\"x64\"})",
    "prefix": "D:\\练习\\练习代码库\\picasso-plus"
  },
  "171 debug pnpm:skipped-optional-dependency": {
    "details": "Error: Unsupported platform for registry.npmmirror.com/esbuild-linux-mips64le/0.14.39: wanted {\"cpu\":[\"mips64el\"],\"os\":[\"linux\"]} (current: {\"os\":\"win32\",\"cpu\":\"x64\"})",
    "package": {
      "id": "registry.npmmirror.com/esbuild-linux-mips64le/0.14.39",
      "name": "esbuild-linux-mips64le",
      "version": "0.14.39"
    },
    "prefix": "D:\\练习\\练习代码库\\picasso-plus",
    "reason": "unsupported_platform"
  },
  "172 debug pnpm:_dependency_resolved": {
    "resolution": "registry.npmmirror.com/esbuild-linux-mips64le/0.14.39",
    "wanted": {
      "dependentId": "registry.npmmirror.com/esbuild/0.14.39",
      "name": "esbuild-linux-mips64le",
      "rawSpec": "0.14.39"
    }
  },
  "173 debug pnpm:progress": {
    "packageId": "registry.npmmirror.com/esbuild-linux-mips64le/0.14.39",
    "requester": "D:\\练习\\练习代码库\\picasso-plus",
    "status": "resolved"
  },
  "174 warn pnpm:install-check": {
    "message": "Unsupported platform for registry.npmmirror.com/esbuild-netbsd-64/0.14.39: wanted {\"cpu\":[\"x64\"],\"os\":[\"netbsd\"]} (current: {\"os\":\"win32\",\"cpu\":\"x64\"})",
    "prefix": "D:\\练习\\练习代码库\\picasso-plus"
  },
  "175 debug pnpm:skipped-optional-dependency": {
    "details": "Error: Unsupported platform for registry.npmmirror.com/esbuild-netbsd-64/0.14.39: wanted {\"cpu\":[\"x64\"],\"os\":[\"netbsd\"]} (current: {\"os\":\"win32\",\"cpu\":\"x64\"})",
    "package": {
      "id": "registry.npmmirror.com/esbuild-netbsd-64/0.14.39",
      "name": "esbuild-netbsd-64",
      "version": "0.14.39"
    },
    "prefix": "D:\\练习\\练习代码库\\picasso-plus",
    "reason": "unsupported_platform"
  },
  "176 debug pnpm:_dependency_resolved": {
    "resolution": "registry.npmmirror.com/esbuild-netbsd-64/0.14.39",
    "wanted": {
      "dependentId": "registry.npmmirror.com/esbuild/0.14.39",
      "name": "esbuild-netbsd-64",
      "rawSpec": "0.14.39"
    }
  },
  "177 debug pnpm:progress": {
    "packageId": "registry.npmmirror.com/esbuild-netbsd-64/0.14.39",
    "requester": "D:\\练习\\练习代码库\\picasso-plus",
    "status": "resolved"
  },
  "178 warn pnpm:install-check": {
    "message": "Unsupported platform for registry.npmmirror.com/esbuild-linux-s390x/0.14.39: wanted {\"cpu\":[\"s390x\"],\"os\":[\"linux\"]} (current: {\"os\":\"win32\",\"cpu\":\"x64\"})",
    "prefix": "D:\\练习\\练习代码库\\picasso-plus"
  },
  "179 debug pnpm:skipped-optional-dependency": {
    "details": "Error: Unsupported platform for registry.npmmirror.com/esbuild-linux-s390x/0.14.39: wanted {\"cpu\":[\"s390x\"],\"os\":[\"linux\"]} (current: {\"os\":\"win32\",\"cpu\":\"x64\"})",
    "package": {
      "id": "registry.npmmirror.com/esbuild-linux-s390x/0.14.39",
      "name": "esbuild-linux-s390x",
      "version": "0.14.39"
    },
    "prefix": "D:\\练习\\练习代码库\\picasso-plus",
    "reason": "unsupported_platform"
  },
  "180 debug pnpm:_dependency_resolved": {
    "resolution": "registry.npmmirror.com/esbuild-linux-s390x/0.14.39",
    "wanted": {
      "dependentId": "registry.npmmirror.com/esbuild/0.14.39",
      "name": "esbuild-linux-s390x",
      "rawSpec": "0.14.39"
    }
  },
  "181 debug pnpm:progress": {
    "packageId": "registry.npmmirror.com/esbuild-linux-s390x/0.14.39",
    "requester": "D:\\练习\\练习代码库\\picasso-plus",
    "status": "resolved"
  },
  "182 warn pnpm:install-check": {
    "message": "Unsupported platform for registry.npmmirror.com/esbuild-openbsd-64/0.14.39: wanted {\"cpu\":[\"x64\"],\"os\":[\"openbsd\"]} (current: {\"os\":\"win32\",\"cpu\":\"x64\"})",
    "prefix": "D:\\练习\\练习代码库\\picasso-plus"
  },
  "183 debug pnpm:skipped-optional-dependency": {
    "details": "Error: Unsupported platform for registry.npmmirror.com/esbuild-openbsd-64/0.14.39: wanted {\"cpu\":[\"x64\"],\"os\":[\"openbsd\"]} (current: {\"os\":\"win32\",\"cpu\":\"x64\"})",
    "package": {
      "id": "registry.npmmirror.com/esbuild-openbsd-64/0.14.39",
      "name": "esbuild-openbsd-64",
      "version": "0.14.39"
    },
    "prefix": "D:\\练习\\练习代码库\\picasso-plus",
    "reason": "unsupported_platform"
  },
  "184 debug pnpm:_dependency_resolved": {
    "resolution": "registry.npmmirror.com/esbuild-openbsd-64/0.14.39",
    "wanted": {
      "dependentId": "registry.npmmirror.com/esbuild/0.14.39",
      "name": "esbuild-openbsd-64",
      "rawSpec": "0.14.39"
    }
  },
  "185 debug pnpm:progress": {
    "packageId": "registry.npmmirror.com/esbuild-openbsd-64/0.14.39",
    "requester": "D:\\练习\\练习代码库\\picasso-plus",
    "status": "resolved"
  },
  "186 warn pnpm:install-check": {
    "message": "Unsupported platform for registry.npmmirror.com/esbuild-sunos-64/0.14.39: wanted {\"cpu\":[\"x64\"],\"os\":[\"sunos\"]} (current: {\"os\":\"win32\",\"cpu\":\"x64\"})",
    "prefix": "D:\\练习\\练习代码库\\picasso-plus"
  },
  "187 debug pnpm:skipped-optional-dependency": {
    "details": "Error: Unsupported platform for registry.npmmirror.com/esbuild-sunos-64/0.14.39: wanted {\"cpu\":[\"x64\"],\"os\":[\"sunos\"]} (current: {\"os\":\"win32\",\"cpu\":\"x64\"})",
    "package": {
      "id": "registry.npmmirror.com/esbuild-sunos-64/0.14.39",
      "name": "esbuild-sunos-64",
      "version": "0.14.39"
    },
    "prefix": "D:\\练习\\练习代码库\\picasso-plus",
    "reason": "unsupported_platform"
  },
  "188 debug pnpm:_dependency_resolved": {
    "resolution": "registry.npmmirror.com/esbuild-sunos-64/0.14.39",
    "wanted": {
      "dependentId": "registry.npmmirror.com/esbuild/0.14.39",
      "name": "esbuild-sunos-64",
      "rawSpec": "0.14.39"
    }
  },
  "189 debug pnpm:progress": {
    "packageId": "registry.npmmirror.com/esbuild-sunos-64/0.14.39",
    "requester": "D:\\练习\\练习代码库\\picasso-plus",
    "status": "resolved"
  },
  "190 warn pnpm:install-check": {
    "message": "Unsupported platform for registry.npmmirror.com/esbuild-windows-32/0.14.39: wanted {\"cpu\":[\"ia32\"],\"os\":[\"win32\"]} (current: {\"os\":\"win32\",\"cpu\":\"x64\"})",
    "prefix": "D:\\练习\\练习代码库\\picasso-plus"
  },
  "191 debug pnpm:skipped-optional-dependency": {
    "details": "Error: Unsupported platform for registry.npmmirror.com/esbuild-windows-32/0.14.39: wanted {\"cpu\":[\"ia32\"],\"os\":[\"win32\"]} (current: {\"os\":\"win32\",\"cpu\":\"x64\"})",
    "package": {
      "id": "registry.npmmirror.com/esbuild-windows-32/0.14.39",
      "name": "esbuild-windows-32",
      "version": "0.14.39"
    },
    "prefix": "D:\\练习\\练习代码库\\picasso-plus",
    "reason": "unsupported_platform"
  },
  "192 debug pnpm:_dependency_resolved": {
    "resolution": "registry.npmmirror.com/esbuild-windows-32/0.14.39",
    "wanted": {
      "dependentId": "registry.npmmirror.com/esbuild/0.14.39",
      "name": "esbuild-windows-32",
      "rawSpec": "0.14.39"
    }
  },
  "193 debug pnpm:progress": {
    "packageId": "registry.npmmirror.com/esbuild-windows-32/0.14.39",
    "requester": "D:\\练习\\练习代码库\\picasso-plus",
    "status": "resolved"
  },
  "194 debug pnpm:_dependency_resolved": {
    "resolution": "registry.npmmirror.com/esbuild-windows-64/0.14.39",
    "wanted": {
      "dependentId": "registry.npmmirror.com/esbuild/0.14.39",
      "name": "esbuild-windows-64",
      "rawSpec": "0.14.39"
    }
  },
  "195 debug pnpm:progress": {
    "packageId": "registry.npmmirror.com/esbuild-windows-64/0.14.39",
    "requester": "D:\\练习\\练习代码库\\picasso-plus",
    "status": "resolved"
  },
  "196 warn pnpm:install-check": {
    "message": "Unsupported platform for registry.npmmirror.com/esbuild-windows-arm64/0.14.39: wanted {\"cpu\":[\"arm64\"],\"os\":[\"win32\"]} (current: {\"os\":\"win32\",\"cpu\":\"x64\"})",
    "prefix": "D:\\练习\\练习代码库\\picasso-plus"
  },
  "197 debug pnpm:skipped-optional-dependency": {
    "details": "Error: Unsupported platform for registry.npmmirror.com/esbuild-windows-arm64/0.14.39: wanted {\"cpu\":[\"arm64\"],\"os\":[\"win32\"]} (current: {\"os\":\"win32\",\"cpu\":\"x64\"})",
    "package": {
      "id": "registry.npmmirror.com/esbuild-windows-arm64/0.14.39",
      "name": "esbuild-windows-arm64",
      "version": "0.14.39"
    },
    "prefix": "D:\\练习\\练习代码库\\picasso-plus",
    "reason": "unsupported_platform"
  },
  "198 debug pnpm:_dependency_resolved": {
    "resolution": "registry.npmmirror.com/esbuild-windows-arm64/0.14.39",
    "wanted": {
      "dependentId": "registry.npmmirror.com/esbuild/0.14.39",
      "name": "esbuild-windows-arm64",
      "rawSpec": "0.14.39"
    }
  },
  "199 debug pnpm:progress": {
    "packageId": "registry.npmmirror.com/esbuild-windows-arm64/0.14.39",
    "requester": "D:\\练习\\练习代码库\\picasso-plus",
    "status": "resolved"
  },
  "200 debug pnpm:progress": {
    "packageId": "registry.npmmirror.com/source-map-js/1.0.2",
    "requester": "D:\\练习\\练习代码库\\picasso-plus",
    "status": "resolved"
  },
  "201 debug pnpm:progress": {
    "packageId": "registry.npmmirror.com/source-map-js/1.0.2",
    "requester": "D:\\练习\\练习代码库\\picasso-plus",
    "status": "found_in_store"
  },
  "202 debug pnpm:progress": {
    "packageId": "registry.npmmirror.com/picocolors/1.0.0",
    "requester": "D:\\练习\\练习代码库\\picasso-plus",
    "status": "resolved"
  },
  "203 debug pnpm:progress": {
    "packageId": "registry.npmmirror.com/picocolors/1.0.0",
    "requester": "D:\\练习\\练习代码库\\picasso-plus",
    "status": "found_in_store"
  },
  "204 debug pnpm:progress": {
    "packageId": "registry.npmmirror.com/nanoid/3.3.4",
    "requester": "D:\\练习\\练习代码库\\picasso-plus",
    "status": "resolved"
  },
  "205 debug pnpm:progress": {
    "packageId": "registry.npmmirror.com/nanoid/3.3.4",
    "requester": "D:\\练习\\练习代码库\\picasso-plus",
    "status": "found_in_store"
  },
  "206 debug pnpm:progress": {
    "packageId": "registry.npmmirror.com/supports-preserve-symlinks-flag/1.0.0",
    "requester": "D:\\练习\\练习代码库\\picasso-plus",
    "status": "resolved"
  },
  "207 debug pnpm:progress": {
    "packageId": "registry.npmmirror.com/supports-preserve-symlinks-flag/1.0.0",
    "requester": "D:\\练习\\练习代码库\\picasso-plus",
    "status": "found_in_store"
  },
  "208 debug pnpm:progress": {
    "packageId": "registry.npmmirror.com/path-parse/1.0.7",
    "requester": "D:\\练习\\练习代码库\\picasso-plus",
    "status": "resolved"
  },
  "209 debug pnpm:progress": {
    "packageId": "registry.npmmirror.com/path-parse/1.0.7",
    "requester": "D:\\练习\\练习代码库\\picasso-plus",
    "status": "found_in_store"
  },
  "210 debug pnpm:progress": {
    "packageId": "registry.npmmirror.com/is-core-module/2.9.0",
    "requester": "D:\\练习\\练习代码库\\picasso-plus",
    "status": "resolved"
  },
  "211 debug pnpm:progress": {
    "packageId": "registry.npmmirror.com/is-core-module/2.9.0",
    "requester": "D:\\练习\\练习代码库\\picasso-plus",
    "status": "found_in_store"
  },
  "212 debug pnpm:_dependency_resolved": {
    "resolution": "registry.npmmirror.com/has/1.0.3",
    "wanted": {
      "dependentId": "registry.npmmirror.com/is-core-module/2.9.0",
      "name": "has",
      "rawSpec": "^1.0.3"
    }
  },
  "213 debug pnpm:progress": {
    "packageId": "registry.npmmirror.com/esbuild-windows-64/0.14.39",
    "requester": "D:\\练习\\练习代码库\\picasso-plus",
    "status": "found_in_store"
  },
  "214 debug pnpm:progress": {
    "packageId": "registry.npmmirror.com/has/1.0.3",
    "requester": "D:\\练习\\练习代码库\\picasso-plus",
    "status": "resolved"
  },
  "215 debug pnpm:progress": {
    "packageId": "registry.npmmirror.com/has/1.0.3",
    "requester": "D:\\练习\\练习代码库\\picasso-plus",
    "status": "found_in_store"
  },
  "216 debug pnpm:_dependency_resolved": {
    "resolution": "registry.npmmirror.com/function-bind/1.1.1",
    "wanted": {
      "dependentId": "registry.npmmirror.com/has/1.0.3",
      "name": "function-bind",
      "rawSpec": "^1.1.1"
    }
  },
  "217 debug pnpm:update-check": {
    "currentVersion": "6.17.2",
    "latestVersion": "7.1.0"
  },
  "218 debug pnpm:progress": {
    "packageId": "registry.npmmirror.com/function-bind/1.1.1",
    "requester": "D:\\练习\\练习代码库\\picasso-plus",
    "status": "resolved"
  },
  "219 debug pnpm:progress": {
    "packageId": "registry.npmmirror.com/function-bind/1.1.1",
    "requester": "D:\\练习\\练习代码库\\picasso-plus",
    "status": "found_in_store"
  },
  "220 debug pnpm:request-retry": {
    "attempt": 2,
    "error": {
      "code": "ERR_PNPM_FETCH_404",
      "hint": "An authorization header was used: Basic bHl4[hidden]",
      "attempts": 2,
      "request": {
        "url": "http://registry-cnpm.weimiaocaishang.com/@babel/types/-/types-7.17.10.tgz",
        "authHeaderValue": "Basic bHl4ZHJlYW06eWlueGlhOTQwNDA3"
      },
      "response": {
        "size": 0
      },
      "resource": "http://registry-cnpm.weimiaocaishang.com/@babel/types/-/types-7.17.10.tgz"
    },
    "maxRetries": 2,
    "method": "GET",
    "timeout": 60000,
    "url": "http://registry-cnpm.weimiaocaishang.com/@babel/types/-/types-7.17.10.tgz"
  },
  "221 warn pnpm:package-requester": {
    "message": "Fetching registry-cnpm.weimiaocaishang.com/@babel/types/7.17.10 failed!",
    "prefix": "D:\\练习\\练习代码库\\picasso-plus"
  },
  "222 error pnpm": {
    "code": "ERR_PNPM_FETCH_404",
    "hint": "An authorization header was used: Basic bHl4[hidden]",
    "attempts": 3,
    "request": {
      "url": "http://registry-cnpm.weimiaocaishang.com/@babel/types/-/types-7.17.10.tgz",
      "authHeaderValue": "Basic bHl4ZHJlYW06eWlueGlhOTQwNDA3"
    },
    "response": {
      "size": 0
    },
    "resource": "http://registry-cnpm.weimiaocaishang.com/@babel/types/-/types-7.17.10.tgz",
    "err": {
      "name": "pnpm",
      "message": "GET http://registry-cnpm.weimiaocaishang.com/@babel/types/-/types-7.17.10.tgz: Not Found - 404",
      "code": "ERR_PNPM_FETCH_404",
      "stack": "pnpm: GET http://registry-cnpm.weimiaocaishang.com/@babel/types/-/types-7.17.10.tgz: Not Found - 404\n    at fetch (C:\\Users\\m1780\\AppData\\Roaming\\npm\\node_modules\\pnpm\\dist\\pnpm.cjs:77859:21)\n    at processTicksAndRejections (internal/process/task_queues.js:93:5)\n    at async RetryOperation._fn (C:\\Users\\m1780\\AppData\\Roaming\\npm\\node_modules\\pnpm\\dist\\pnpm.cjs:77828:23)"
    }
  }
}